<?xml version="1.0" encoding="UTF-8"?>
<testng-results ignored="0" total="1" passed="1" failed="0" skipped="0">
  <reporter-output>
  </reporter-output>
  <suite started-at="2024-04-17T09:43:31 IST" name="Default suite" finished-at="2024-04-17T09:43:37 IST" duration-ms="6029">
    <groups>
    </groups>
    <test started-at="2024-04-17T09:43:31 IST" name="Default test" finished-at="2024-04-17T09:43:37 IST" duration-ms="6029">
      <class name="apr16th.FirefoxLaunch">
        <test-method signature="launchBrowserTest()[pri:0, instance:apr16th.FirefoxLaunch@45099dd3]" started-at="2024-04-17T09:43:31 IST" name="launchBrowserTest" finished-at="2024-04-17T09:43:37 IST" duration-ms="5957" status="PASS">
          <reporter-output>
          </reporter-output>
        </test-method> <!-- launchBrowserTest -->
      </class> <!-- apr16th.FirefoxLaunch -->
    </test> <!-- Default test -->
  </suite> <!-- Default suite -->
</testng-results>
